0 info it worked if it ends with ok
1 verbose cli [ 'node', '/usr/local/bin/npm', 'install', 'ruby-sass' ]
2 info using npm@1.3.11
3 info using node@v0.10.21
4 warn package.json reveal.js@2.6.1 No README data
5 verbose readDependencies using package.json deps
6 verbose cache add [ 'ruby-sass', null ]
7 verbose cache add name=undefined spec="ruby-sass" args=["ruby-sass",null]
8 verbose parsed url { protocol: null,
8 verbose parsed url   slashes: null,
8 verbose parsed url   auth: null,
8 verbose parsed url   host: null,
8 verbose parsed url   port: null,
8 verbose parsed url   hostname: null,
8 verbose parsed url   hash: null,
8 verbose parsed url   search: null,
8 verbose parsed url   query: null,
8 verbose parsed url   pathname: 'ruby-sass',
8 verbose parsed url   path: 'ruby-sass',
8 verbose parsed url   href: 'ruby-sass' }
9 silly lockFile 29a4405c-ruby-sass ruby-sass
10 verbose lock ruby-sass /Users/bpeterson/.npm/29a4405c-ruby-sass.lock
11 silly lockFile 29a4405c-ruby-sass ruby-sass
12 silly lockFile 29a4405c-ruby-sass ruby-sass
13 verbose addNamed [ 'ruby-sass', '' ]
14 verbose addNamed [ null, '*' ]
15 silly lockFile 120fd47d-ruby-sass ruby-sass@
16 verbose lock ruby-sass@ /Users/bpeterson/.npm/120fd47d-ruby-sass.lock
17 silly addNameRange { name: 'ruby-sass', range: '*', hasData: false }
18 verbose url raw ruby-sass
19 verbose url resolving [ 'https://registry.npmjs.org/', './ruby-sass' ]
20 verbose url resolved https://registry.npmjs.org/ruby-sass
21 info trying registry request attempt 1 at 15:03:36
22 http GET https://registry.npmjs.org/ruby-sass
23 http 404 https://registry.npmjs.org/ruby-sass
24 silly registry.get cb [ 404,
24 silly registry.get   { date: 'Tue, 04 Feb 2014 21:03:38 GMT',
24 silly registry.get     server: 'CouchDB/1.5.0 (Erlang OTP/R16B)',
24 silly registry.get     'content-type': 'application/json',
24 silly registry.get     via: '1.1 varnish',
24 silly registry.get     'cache-control': 'max-age=0',
24 silly registry.get     'content-length': '52',
24 silly registry.get     'accept-ranges': 'bytes',
24 silly registry.get     age: '0',
24 silly registry.get     'x-served-by': 'cache-v36-ASH, cache-c31-CHI',
24 silly registry.get     'x-cache': 'MISS, MISS',
24 silly registry.get     'x-cache-hits': '0, 0',
24 silly registry.get     'x-timer': 'S1391547818.580570459,VS0,VS8,VE102,VE110',
24 silly registry.get     'keep-alive': 'timeout=10, max=50',
24 silly registry.get     connection: 'Keep-Alive' } ]
25 silly lockFile 120fd47d-ruby-sass ruby-sass@
26 silly lockFile 120fd47d-ruby-sass ruby-sass@
27 error 404 'ruby-sass' is not in the npm registry.
27 error 404 You should bug the author to publish it
27 error 404
27 error 404 Note that you can also install from a
27 error 404 tarball, folder, or http url, or git url.
28 error System Darwin 11.4.2
29 error command "node" "/usr/local/bin/npm" "install" "ruby-sass"
30 error cwd /Users/bpeterson/IdeaProjects/AngularWorkshop/presentation/reveal
31 error node -v v0.10.21
32 error npm -v 1.3.11
33 error code E404
34 verbose exit [ 1, true ]
